<?xml version="1.0" encoding="UTF-8"?>
<testsuite xmlns:xsi="http://www.w3.org/2001/XMLSchema-instance" xsi:noNamespaceSchemaLocation="https://maven.apache.org/surefire/maven-surefire-plugin/xsd/surefire-test-report-3.0.xsd" version="3.0" name="com.example.IMS.InventoryManagementSystemApplicationTests" time="11.769" tests="1" errors="0" skipped="0" failures="0">
  <properties>
[...]
</properties>
  <testcase name="contextLoads" classname="com.example.IMS.InventoryManagementSystemApplicationTests" time="0.543">
    <system-out><![CDATA[11:53:24.201 [main] INFO org.springframework.test.context.support.AnnotationConfigContextLoaderUtils -- Could not detect default configuration classes for test class [com.example.IMS.InventoryManagementSystemApplicationTests]: InventoryManagementSystemApplicationTests does not declare any static, non-private, non-final, nested classes annotated with @Configuration.
11:53:24.417 [main] INFO org.springframework.boot.test.context.SpringBootTestContextBootstrapper -- Found @SpringBootConfiguration com.example.IMS.InventoryManagementSystemApplication for test class com.example.IMS.InventoryManagementSystemApplicationTests
11:53:24.708 [main] INFO org.springframework.boot.devtools.restart.RestartApplicationListener -- Restart disabled due to context in which it is running

  .   ____          _            __ _ _
 /\\ / ___'_ __ _ _(_)_ __  __ _ \ \ \ \
( ( )\___ | '_ | '_| | '_ \/ _` | \ \ \ \
 \\/  ___)| |_)| | | | | || (_| |  ) ) ) )
  '  |____| .__|_| |_|_| |_\__, | / / / /
 =========|_|==============|___/=/_/_/_/

 :: Spring Boot ::                (v3.3.4)

2025-11-27T11:53:25.235+05:30  INFO 15564 --- [Inventory_Management_System] [           main] nventoryManagementSystemApplicationTests : Starting InventoryManagementSystemApplicationTests using Java 24.0.2 with PID 15564 (started by HP in C:\Users\HP\Desktop\spring-boot-project)
2025-11-27T11:53:25.240+05:30  INFO 15564 --- [Inventory_Management_System] [           main] nventoryManagementSystemApplicationTests : The following 1 profile is active: "SPRING_PROFILES_ACTIVE:default"
2025-11-27T11:53:25.378+05:30 DEBUG 15564 --- [Inventory_Management_System] [           main] o.s.w.c.s.GenericWebApplicationContext   : Refreshing org.springframework.web.context.support.GenericWebApplicationContext@411341bd
2025-11-27T11:53:28.143+05:30  INFO 15564 --- [Inventory_Management_System] [           main] .s.d.r.c.RepositoryConfigurationDelegate : Bootstrapping Spring Data JPA repositories in DEFAULT mode.
2025-11-27T11:53:28.686+05:30  INFO 15564 --- [Inventory_Management_System] [           main] .s.d.r.c.RepositoryConfigurationDelegate : Finished Spring Data repository scanning in 506 ms. Found 3 JPA repository interfaces.
2025-11-27T11:53:29.253+05:30  WARN 15564 --- [Inventory_Management_System] [           main] trationDelegate$BeanPostProcessorChecker : Bean 'org.springframework.ws.config.annotation.DelegatingWsConfiguration' of type [org.springframework.ws.config.annotation.DelegatingWsConfiguration$$SpringCGLIB$$0] is not eligible for getting processed by all BeanPostProcessors (for example: not eligible for auto-proxying). The currently created BeanPostProcessor [annotationActionEndpointMapping] is declared through a non-static factory method on that class; consider declaring it as static instead.
2025-11-27T11:53:29.328+05:30  INFO 15564 --- [Inventory_Management_System] [           main] .w.s.a.s.AnnotationActionEndpointMapping : Supporting [WS-Addressing August 2004, WS-Addressing 1.0]
2025-11-27T11:53:29.678+05:30  INFO 15564 --- [Inventory_Management_System] [           main] o.hibernate.jpa.internal.util.LogHelper  : HHH000204: Processing PersistenceUnitInfo [name: default]
2025-11-27T11:53:29.844+05:30  INFO 15564 --- [Inventory_Management_System] [           main] org.hibernate.Version                    : HHH000412: Hibernate ORM core version 6.5.3.Final
2025-11-27T11:53:29.912+05:30  INFO 15564 --- [Inventory_Management_System] [           main] o.h.c.internal.RegionFactoryInitiator    : HHH000026: Second-level cache disabled
2025-11-27T11:53:30.534+05:30  INFO 15564 --- [Inventory_Management_System] [           main] o.s.o.j.p.SpringPersistenceUnitInfo      : No LoadTimeWeaver setup: ignoring JPA class transformer
2025-11-27T11:53:30.595+05:30  INFO 15564 --- [Inventory_Management_System] [           main] com.zaxxer.hikari.HikariDataSource       : HikariPool-1 - Starting...
2025-11-27T11:53:31.219+05:30  INFO 15564 --- [Inventory_Management_System] [           main] com.zaxxer.hikari.pool.HikariPool        : HikariPool-1 - Added connection com.mysql.cj.jdbc.ConnectionImpl@28f90752
2025-11-27T11:53:31.221+05:30  INFO 15564 --- [Inventory_Management_System] [           main] com.zaxxer.hikari.HikariDataSource       : HikariPool-1 - Start completed.
2025-11-27T11:53:31.305+05:30  WARN 15564 --- [Inventory_Management_System] [           main] org.hibernate.orm.deprecation            : HHH90000025: MySQL8Dialect does not need to be specified explicitly using 'hibernate.dialect' (remove the property setting and it will be selected by default)
2025-11-27T11:53:31.306+05:30  WARN 15564 --- [Inventory_Management_System] [           main] org.hibernate.orm.deprecation            : HHH90000026: MySQL8Dialect has been deprecated; use org.hibernate.dialect.MySQLDialect instead
2025-11-27T11:53:32.516+05:30  INFO 15564 --- [Inventory_Management_System] [           main] o.h.e.t.j.p.i.JtaPlatformInitiator       : HHH000489: No JTA platform available (set 'hibernate.transaction.jta.platform' to enable JTA platform integration)
2025-11-27T11:53:32.652+05:30  INFO 15564 --- [Inventory_Management_System] [           main] j.LocalContainerEntityManagerFactoryBean : Initialized JPA EntityManagerFactory for persistence unit 'default'
2025-11-27T11:53:33.162+05:30  INFO 15564 --- [Inventory_Management_System] [           main] o.s.d.j.r.query.QueryEnhancerFactory     : Hibernate is in classpath; If applicable, HQL parser will be used.
2025-11-27T11:53:34.347+05:30  WARN 15564 --- [Inventory_Management_System] [           main] JpaBaseConfiguration$JpaWebConfiguration : spring.jpa.open-in-view is enabled by default. Therefore, database queries may be performed during view rendering. Explicitly configure spring.jpa.open-in-view to disable this warning
2025-11-27T11:53:34.379+05:30  INFO 15564 --- [Inventory_Management_System] [           main] o.s.b.a.w.s.WelcomePageHandlerMapping    : Adding welcome page: class path resource [static/index.html]
2025-11-27T11:53:34.490+05:30 DEBUG 15564 --- [Inventory_Management_System] [           main] s.w.s.m.m.a.RequestMappingHandlerMapping : 22 mappings in 'requestMappingHandlerMapping'
2025-11-27T11:53:34.621+05:30 DEBUG 15564 --- [Inventory_Management_System] [           main] o.s.w.s.handler.SimpleUrlHandlerMapping  : Patterns [/webjars/**, /**] in 'resourceHandlerMapping'
2025-11-27T11:53:34.672+05:30 DEBUG 15564 --- [Inventory_Management_System] [           main] s.w.s.m.m.a.RequestMappingHandlerAdapter : ControllerAdvice beans: 0 @ModelAttribute, 0 @InitBinder, 1 RequestBodyAdvice, 1 ResponseBodyAdvice
2025-11-27T11:53:34.722+05:30 DEBUG 15564 --- [Inventory_Management_System] [           main] .m.m.a.ExceptionHandlerExceptionResolver : ControllerAdvice beans: 0 @ExceptionHandler, 1 ResponseBodyAdvice
2025-11-27T11:53:35.101+05:30  INFO 15564 --- [Inventory_Management_System] [           main] nventoryManagementSystemApplicationTests : Started InventoryManagementSystemApplicationTests in 10.414 seconds (process running for 12.258)
]]></system-out>
    <system-err><![CDATA[WARNING: A Java agent has been loaded dynamically (C:\Users\HP\.m2\repository\net\bytebuddy\byte-buddy-agent\1.14.19\byte-buddy-agent-1.14.19.jar)
WARNING: If a serviceability tool is in use, please run with -XX:+EnableDynamicAgentLoading to hide this warning
WARNING: If a serviceability tool is not in use, please run with -Djdk.instrument.traceUsage for more information
WARNING: Dynamic loading of agents will be disallowed by default in a future release
]]></system-err>
  </testcase>
</testsuite>